mode: set
github.com/silago/msa-cooking/cooking-users/modules/locations/net.go:20.70,23.2 2 1
github.com/silago/msa-cooking/cooking-users/modules/locations/net.go:25.66,27.2 1 1
github.com/silago/msa-cooking/cooking-users/modules/locations/net.go:29.47,34.2 2 1
github.com/silago/msa-cooking/cooking-users/modules/locations/locations.go:17.96,18.107 1 1
github.com/silago/msa-cooking/cooking-users/modules/locations/locations.go:18.107,20.3 1 0
github.com/silago/msa-cooking/cooking-users/modules/locations/locations.go:20.8,20.87 1 1
github.com/silago/msa-cooking/cooking-users/modules/locations/locations.go:20.87,22.3 1 1
github.com/silago/msa-cooking/cooking-users/modules/locations/locations.go:22.8,25.40 3 1
github.com/silago/msa-cooking/cooking-users/modules/locations/locations.go:38.3,38.32 1 1
github.com/silago/msa-cooking/cooking-users/modules/locations/locations.go:42.3,43.33 2 1
github.com/silago/msa-cooking/cooking-users/modules/locations/locations.go:47.3,47.118 1 1
github.com/silago/msa-cooking/cooking-users/modules/locations/locations.go:25.40,26.68 1 1
github.com/silago/msa-cooking/cooking-users/modules/locations/locations.go:29.4,30.46 2 1
github.com/silago/msa-cooking/cooking-users/modules/locations/locations.go:26.68,28.5 1 1
github.com/silago/msa-cooking/cooking-users/modules/locations/locations.go:30.46,32.5 1 1
github.com/silago/msa-cooking/cooking-users/modules/locations/locations.go:32.10,33.10 1 1
github.com/silago/msa-cooking/cooking-users/modules/locations/locations.go:38.32,40.4 1 0
github.com/silago/msa-cooking/cooking-users/modules/locations/locations.go:43.33,45.4 1 0
github.com/silago/msa-cooking/cooking-users/modules/locations/locations.go:47.118,49.4 1 0
github.com/silago/msa-cooking/cooking-users/modules/locations/locations.go:49.9,52.18 1 1
github.com/silago/msa-cooking/cooking-users/modules/locations/locations.go:52.18,55.25 3 1
github.com/silago/msa-cooking/cooking-users/modules/locations/locations.go:59.4,61.42 3 1
github.com/silago/msa-cooking/cooking-users/modules/locations/locations.go:55.25,57.5 1 1
github.com/silago/msa-cooking/cooking-users/modules/locations/locations.go:62.9,64.4 1 0
github.com/silago/msa-cooking/cooking-users/modules/locations/locations.go:68.101,70.25 2 1
github.com/silago/msa-cooking/cooking-users/modules/locations/locations.go:70.25,73.3 2 1
github.com/silago/msa-cooking/cooking-users/modules/locations/locations.go:73.8,73.31 1 1
github.com/silago/msa-cooking/cooking-users/modules/locations/locations.go:73.31,76.3 2 1
github.com/silago/msa-cooking/cooking-users/modules/locations/locations.go:76.8,76.31 1 0
github.com/silago/msa-cooking/cooking-users/modules/locations/locations.go:76.31,79.3 2 0
github.com/silago/msa-cooking/cooking-users/modules/locations/locations.go:79.8,81.3 1 0
github.com/silago/msa-cooking/cooking-users/modules/locations/locations.go:84.98,85.107 1 1
github.com/silago/msa-cooking/cooking-users/modules/locations/locations.go:102.2,102.39 1 0
github.com/silago/msa-cooking/cooking-users/modules/locations/locations.go:85.107,86.69 1 1
github.com/silago/msa-cooking/cooking-users/modules/locations/locations.go:90.3,92.110 3 1
github.com/silago/msa-cooking/cooking-users/modules/locations/locations.go:86.69,88.4 1 0
github.com/silago/msa-cooking/cooking-users/modules/locations/locations.go:92.110,94.4 1 1
github.com/silago/msa-cooking/cooking-users/modules/locations/locations.go:94.9,100.4 1 1
github.com/silago/msa-cooking/cooking-users/modules/locations/locations.go:105.94,107.56 2 0
github.com/silago/msa-cooking/cooking-users/modules/locations/locations.go:112.2,112.44 1 0
github.com/silago/msa-cooking/cooking-users/modules/locations/locations.go:107.56,109.3 1 0
github.com/silago/msa-cooking/cooking-users/modules/locations/locations.go:109.8,111.3 1 0
github.com/silago/msa-cooking/cooking-users/modules/locations/locations.go:116.93,118.57 2 0
github.com/silago/msa-cooking/cooking-users/modules/locations/locations.go:123.3,123.44 1 0
github.com/silago/msa-cooking/cooking-users/modules/locations/locations.go:118.57,120.4 1 0
github.com/silago/msa-cooking/cooking-users/modules/locations/locations.go:120.9,122.4 1 0
github.com/silago/msa-cooking/cooking-users/modules/locations/locations.go:128.117,129.52 1 0
github.com/silago/msa-cooking/cooking-users/modules/locations/locations.go:129.52,130.64 1 0
github.com/silago/msa-cooking/cooking-users/modules/locations/locations.go:131.8,134.3 2 0
github.com/silago/msa-cooking/cooking-users/modules/locations/locations_config.go:21.71,22.42 1 1
github.com/silago/msa-cooking/cooking-users/modules/locations/locations_config.go:27.2,27.12 1 1
github.com/silago/msa-cooking/cooking-users/modules/locations/locations_config.go:22.42,23.28 1 1
github.com/silago/msa-cooking/cooking-users/modules/locations/locations_config.go:23.28,25.4 1 1
github.com/silago/msa-cooking/cooking-users/modules/locations/locations_config.go:53.66,54.15 1 1
github.com/silago/msa-cooking/cooking-users/modules/locations/locations_config.go:60.2,60.11 1 0
github.com/silago/msa-cooking/cooking-users/modules/locations/locations_config.go:55.19,56.21 1 1
github.com/silago/msa-cooking/cooking-users/modules/locations/locations_config.go:57.16,58.18 1 1
github.com/silago/msa-cooking/cooking-users/modules/locations/locations_config.go:75.47,78.21 2 1
github.com/silago/msa-cooking/cooking-users/modules/locations/locations_config.go:86.2,86.15 1 0
github.com/silago/msa-cooking/cooking-users/modules/locations/locations_config.go:79.11,80.30 1 1
github.com/silago/msa-cooking/cooking-users/modules/locations/locations_config.go:81.11,82.31 1 1
github.com/silago/msa-cooking/cooking-users/modules/locations/locations_config.go:83.11,84.31 1 1
github.com/silago/msa-cooking/cooking-users/modules/locations/locations_config.go:89.49,90.14 1 1
github.com/silago/msa-cooking/cooking-users/modules/locations/locations_config.go:91.2,91.14 1 1
github.com/silago/msa-cooking/cooking-users/modules/locations/locations_config.go:92.2,92.14 1 1
github.com/silago/msa-cooking/cooking-users/modules/locations/locations_config.go:93.2,93.11 1 0
github.com/silago/msa-cooking/cooking-users/modules/locations/locations_config.go:90.14,90.27 1 1
github.com/silago/msa-cooking/cooking-users/modules/locations/locations_config.go:91.14,91.27 1 1
github.com/silago/msa-cooking/cooking-users/modules/locations/locations_config.go:92.14,92.27 1 1
github.com/silago/msa-cooking/cooking-users/modules/locations/locations_config.go:96.40,97.14 1 1
github.com/silago/msa-cooking/cooking-users/modules/locations/locations_config.go:98.2,98.14 1 1
github.com/silago/msa-cooking/cooking-users/modules/locations/locations_config.go:99.2,99.14 1 1
github.com/silago/msa-cooking/cooking-users/modules/locations/locations_config.go:100.2,100.11 1 0
github.com/silago/msa-cooking/cooking-users/modules/locations/locations_config.go:97.14,97.29 1 1
github.com/silago/msa-cooking/cooking-users/modules/locations/locations_config.go:98.14,98.29 1 1
github.com/silago/msa-cooking/cooking-users/modules/locations/locations_config.go:99.14,99.29 1 1
github.com/silago/msa-cooking/cooking-users/modules/locations/locations_config.go:103.35,104.49 1 1
github.com/silago/msa-cooking/cooking-users/modules/locations/locations_config.go:104.49,107.3 2 0
github.com/silago/msa-cooking/cooking-users/modules/locations/locations_config.go:107.8,109.3 1 1
github.com/silago/msa-cooking/cooking-users/modules/locations/locations_config.go:112.48,116.16 3 1
github.com/silago/msa-cooking/cooking-users/modules/locations/locations_config.go:121.2,121.21 1 1
github.com/silago/msa-cooking/cooking-users/modules/locations/locations_config.go:116.16,120.3 3 1
github.com/silago/msa-cooking/cooking-users/modules/locations/locations_config.go:124.63,125.14 1 1
github.com/silago/msa-cooking/cooking-users/modules/locations/locations_config.go:126.18,128.13 2 0
github.com/silago/msa-cooking/cooking-users/modules/locations/locations_config.go:129.15,131.13 2 1
github.com/silago/msa-cooking/cooking-users/modules/locations/locations_config.go:132.10,133.12 1 0
github.com/silago/msa-cooking/cooking-users/modules/locations/locations_config.go:140.70,141.40 1 1
github.com/silago/msa-cooking/cooking-users/modules/locations/locations_config.go:146.2,146.12 1 1
github.com/silago/msa-cooking/cooking-users/modules/locations/locations_config.go:141.40,142.23 1 1
github.com/silago/msa-cooking/cooking-users/modules/locations/locations_config.go:142.23,144.4 1 1
